
Accessing specific fields:
Record 1:
Full Name: Omer Aydas
Email: oaydas@umich.edu
---
Record 2:
Full Name: Ammar Ateya
Email: ammarat@umich.edu
---
Record 3:
Full Name: Mihir Siddhant Arya
Email: msarya@umich.edu
---
Record 4:
Full Name: Yueqi Ren
Email: yueqiren@umich.edu
---
Record 5:
Full Name: Marvin Jirapongsuwan
Email: marvincs@umich.edu
---
Record 6:
Full Name: Sriram Malarvizhi Kumaran
Email: mksriram@umich.edu
---
Record 7:
Full Name: David Lee
Email: dvle@umich.edu
---
Record 8:
Full Name: Landon Scott Fee
Email: landonf@umich.edu
---
Record 9:
Full Name: Shriya Biddala
Email: sbiddala@umich.edu
---
Record 10:
Full Name: Raghav Majithia
Email: mraghav@umich.edu
---
Record 11:
Full Name: Sharif Velasquez Alzate
Email: sharifve@umich.edu
---
Record 12:
Full Name: Jude Downing
Email: judedow@umich.edu
---
Record 13:
Full Name: Isabelle Baker
Email: ibaker@umich.edu
---
Record 14:
Full Name: Genevive Chang
Email: genevivechang2005@gmail.com
---
Record 15:
Full Name: Shubhee Gandhi
Email: shubheeg@umich.edu
---
Record 16:
Full Name: Weile Zheng
Email: weilez@umich.edu
---
Record 17:
Full Name: Teja Koduru
Email: tkoduru@umich.edu
---
Record 18:
Full Name: Dagim Abeje
Email: adagi@umich.edu
---
Record 19:
Full Name: Michael Wang
Email: mitwang@umich.edu
---
Record 20:
Full Name: Yihang Zhu
Email: yihangz@umich.edu
---
Record 21:
Full Name: Atul Gera
Email: atulgera@umich.edu
---
Record 22:
Full Name: Patrick Socha
Email: patsocha@umich.edu
---
Record 23:
Full Name: Rakesh Krishnan
Email: raki@umich.edu
---
Record 24:
Full Name: Cassie (Ningxi) Zhang
Email: cassiez@umich.edu
---
Record 25:
Full Name: Samiha Nasrin
Email: nasrins@umich.edu
---
Record 26:
Full Name: Mehek Gupta
Email: mehekgup@umich.edu
---
Record 27:
Full Name: Rohit Ramaswamy
Email: rohitrama27@gmail.com
---
Record 28:
Full Name: Ameya Kartik Keertikar
Email: ameya.keertikar@gmail.com
---
Record 29:
Full Name: Zeyuan(Harry) Fan
Email: harryfan@umich.edu
---
Record 30:
Full Name: Ritij Jutur
Email: rjutur@umich.edu
---
Record 31:
Full Name: Anish Shanbhag
Email: shanbhag@umich.edu
---
Record 32:
Full Name: Andy Yao
Email: andyyao15@gmail.com
---
Record 33:
Full Name: Kevin Hass
Email: kjhass@umich.edu
---
Record 34:
Full Name: Terrance Shao
Email: teshao@umich.edu
---
Record 35:
Full Name: Anthony Chen
Email: anthonch@umich.edu
---
Record 36:
Full Name: Olive Ren
Email: oliveren@umich.edu
---
Record 37:
Full Name: Stanley Liu
Email: liustan@umich.edu
---
Record 38:
Full Name: Saarang Suryavanshi
Email: ssuryava@umich.edu
---
Record 39:
Full Name: Sanjit Vijay
Email: sanjitvijay27@gmail.com
---
Record 40:
Full Name: Nga Chi (Angie) Leong
Email: ncleong@umich.edu
---
Record 41:
Full Name: Adnan Rashid
Email: adnanr@umich.edu
---
Record 42:
Full Name: Adhitya Krishna Kunju
Email: akunju@umich.edu
---
Record 43:
Full Name: Arnav Nikam
Email: aunikam@umich.edu
---
Record 44:
Full Name: Varun P Talluri
Email: varunt2023@gmail.com
---
Record 45:
Full Name: Ryan Kaelle
Email: rkaelle@umich.edu
---
Record 46:
Full Name: Rahul Hoque
Email: rhoque@umich.edu
---
Record 47:
Full Name: Aksheet Dutta
Email: aksheetd@umich.edu
---
Record 48:
Full Name: Albon Wu
Email: albonwu@umich.edu
---
Record 49:
Full Name: Julia Mei
Email: juliamei@umich.edu
---
Record 50:
Full Name: Aashray Chhabra
Email: Aashrayc@umich.edu
---
Record 51:
Full Name: Wentai Zhao
Email: wentaiz@umich.edu
---
Record 52:
Full Name: Saideep Kasipathy
Email: saideepk@umich.edu
---
Record 53:
Full Name: Daehwan
Email: daehwanyoo0505@gmail.com
---
Record 54:
Full Name: Aiden Lee
Email: aidenlee@umich.edu
---
Record 55:
Full Name: Sadia Haidari
Email: sadiahai@umich.edu
---
Record 56:
Full Name: Ram Gade
Email: ramgade@umich.edu
---
Record 57:
Full Name: Om Joshi
Email: omjoshi@umich.edu
---
Record 58:
Full Name: Roshni Koduri
Email: roshniko@umich.edu
---
Record 59:
Full Name: Sriyan Madugula
Email: sriyan@umich.edu
---
Record 60:
Full Name: Reeva Bohra
Email: reeva@umich.edu
---
Record 61:
Full Name: Vaibhav Chigullapally
Email: vchigull@umich.edu
---
Record 62:
Full Name: David Wu
Email: daviddwu22@gmail.com
---
Record 63:
Full Name: Amy Wang
Email: amywangc@umich.edu
---
Record 64:
Full Name: Katelyn Abellera
Email: kabeller@umich.edu
---
Record 65:
Full Name: Yukyik Kuntanarumitkul
Email: yukyik@umich.edu
---
Record 66:
Full Name: Sophia Cao
Email: sophcao@umich.edu
---
Record 67:
Full Name: Aditya Ashok Sinha
Email: adisinha@umich.edu
---
Record 68:
Full Name: Erik Jones
Email: erwjones@umich.edu
---
Record 69:
Full Name: Aryan Shah
Email: sharyan@umich.edu
---
Record 70:
Full Name: Tasnim Kashem
Email: tasnimk@umich.edu
---
Record 71:
Full Name: Hao-Tian Gan
Email: ganh@umich.edu
---
Record 72:
Full Name: Jack Li
Email: lijacka@umich.edu
---
Record 73:
Full Name: Shashank Sekhar
Email: shashsekhar@gmail.com
---
Record 74:
Full Name: David Mazur
Email: dsmazur@umich.edu
---
Record 75:
Full Name: Manasa Gollapalli
Email: manasavg@umich.edu
---
Record 76:
Full Name: Priyadharshini Moorthy
Email: priyamvs@umich.edu
---
Record 77:
Full Name: Ava Lee
Email: avalee@umich.edu
---
Record 78:
Full Name: Aarnav Unadkat
Email: aarnavu@umich.edu
---
Record 79:
Full Name: Megan Su
Email: meganysu@umich.edu
---
Record 80:
Full Name: Abhinav Attaluri
Email: abhiatt@umich.edu
---
Record 81:
Full Name: chunho chan  
Email: chunho@umich.edu
---
Record 82:
Full Name: Toan Bui
Email: toanbui@umich.edu
---
Record 83:
Full Name: Charles Zhong
Email: zheqin@umich.edu
---
Record 84:
Full Name: Anika Akali
Email: aakali@umich.edu
---
Record 85:
Full Name: Anirudh Annavarapu
Email: aannavar@umich.edu
---
Record 86:
Full Name: Enrique Perezalonso
Email: epereza@umich.edu
---
Record 87:
Full Name: Drishti Srivastava
Email: drishtis@umich.edu
---
Record 88:
Full Name: Krish Kapoor
Email: krishkap@umich.edu
---
Record 89:
Full Name: Charles Solomon Weiss
Email: csweiss@umich.edu
---
Record 90:
Full Name: Tanisha Panchal
Email: tpanchal@umich.edu
---
Record 91:
Full Name: Ayan Nair
Email: ayannair@umich.edu
---
Record 92:
Full Name: Max Klonke
Email: klonkem@umich.edu
---
Record 93:
Full Name: Ryan Meyers
Email: ryancmeyers13@gmail.com
---
Record 94:
Full Name: sherrie li
Email: sherriel@umich.edu
---
Record 95:
Full Name: Alexander Mettler
Email: mettler@umich.edu
---
Record 96:
Full Name: Rishith Seelam
Email: rseelam@umich.edu
---
Record 97:
Full Name: Mark Mitu
Email: markmitu@umich.edu
---
Record 98:
Full Name: Sriram Malarvizhi Kumaran
Email: mksriram@umich.edu
---
Record 99:
Full Name: Diyan Gao
Email: diangao@umich.edu
---
Record 100:
Full Name: Sid Dharmasanam
Email: sdharmas@umich.edu
---
Record 101:
Full Name: Akul Gunukula
Email: akulg@umich.edu
---
Record 102:
Full Name: Jason Zhou
Email: jaszhou@umich.edu
---
Record 103:
Full Name: Uwaeish Ahmad
Email: uwaeish@umich.edu
---
Record 104:
Full Name: Selina Sun
Email: selinas@umich.edu
---
Record 105:
Full Name: Aadit Jain
Email: aaditj@umich.edu
---
Record 106:
Full Name: Angelina Fan
Email: angefan@umich.edu
---
Record 107:
Full Name: Nicholas Amalraj
Email: amalrajn@umich.edu
---
Record 108:
Full Name: Aryan Shah
Email: shahary@umich.edu
---
Record 109:
Full Name: Fiona Lin
Email: fionalin@umich.edu
---
Record 110:
Full Name: Khalil-Ali Aadil Nathoo
Email: knathoo@umich.edu
---
Record 111:
Full Name: Rithvik Vanga
Email: rithvikvanga@gmail.com
---
Record 112:
Full Name: Amanda Emtiaz
Email: aemtiaz@umich.edu
---
Record 113:
Full Name: Keethan Punniyamoorthy
Email: keethan@umich.edu
---
Record 114:
Full Name: Aarushi Singh
Email: aarushsi@umich.edu
---
Record 115:
Full Name: Manav Khanvilkar
Email: manavk@umich.edu
---
Record 116:
Full Name: Emma Peng
Email: emmapeng@umich.edu
---
Record 117:
Full Name: Henry Wagner
Email: htwagner@umich.edu
---
Record 118:
Full Name: Chaya Ranganatha
Email: chayaran@umich.edu
---
Record 119:
Full Name: Nidhil Nayudu
Email: nnayudu@umich.edu
---
Record 120:
Full Name: Ishani Das
Email: ishanid@umich.edu
---
Record 121:
Full Name: Faye Stover
Email: fayejstover@gmail.com
---
Record 122:
Full Name: NaveenJohn Premkumar
Email: naveenjp@umich.edu
---
Record 123:
Full Name: Abhinav Tondapu
Email: atondapu@umich.edu
---
Record 124:
Full Name: Arianna Hiromi Calle
Email: acalle@umich.edu
---
Record 125:
Full Name: Aurora Brendtke
Email: brendtke@umich.edu
---
Record 126:
Full Name: Amanda Emtiaz
Email: aemtiaz@umich.edu
---
Record 127:
Full Name: Ethan Mui
Email: ethanmui@umich.edu
---
Record 128:
Full Name: s
Email: tylee2715@gmail.com
---
Record 129:
Full Name: Mathew Zheng
Email: mathewzheng9999@gmail.com
---
Record 130:
Full Name: Steven Zhang
Email: stevenza@umich.edu
---
Record 131:
Full Name: James Lu
Email: jameslx@umich.edu
---
Record 132:
Full Name: Brian Zhang
Email: zhangbri@umich.edu
---
Record 133:
Full Name: Tony Lee
Email: tonyklee@umich.edu
---
Record 134:
Full Name: Srivatsav Bendi
Email: sribendi@umich.edu
---
Record 135:
Full Name: Nikhil Vaidyanathan
Email: nikhillv@umich.edu
---
Record 136:
Full Name: Renee Chen
Email: reneerc@umich.edu
---
Record 137:
Full Name: Shriya Rudraraju
Email: shriyar@umich.edu
---
Record 138:
Full Name: Cyrus Patel
Email: cypatel@umich.edu
---
Record 139:
Full Name: Yatin Bichala
Email: bichalay@umich.edu
---
Record 140:
Full Name: Eshaan Nair
Email: enair@umich.edu
---
Record 141:
Full Name: Arin Larecha
Email: alarecha@umich.edu
---
Record 142:
Full Name: Taylor Nguyen
Email: taylorng@umich.edu
---
Record 143:
Full Name: Vishnu Parthiban
Email: vishnupa@umich.edu
---
Record 144:
Full Name: Aryan Kini
Email: arynkini@umich.edu
---
Record 145:
Full Name: Ohm Patel
Email: ohmp@umich.edu
---
Record 146:
Full Name: Tanishka Nalawade
Email: tanishkn@umich.edu
---
Record 147:
Full Name: Aditya Murali
Email: adityamu@umich.edu
---
Record 148:
Full Name: Rickey Dong
Email: rickeyd@umich.edu
---
Record 149:
Full Name: Insu Jung
Email: insujung@umich.edu
---
Record 150:
Full Name: Hannah Shu
Email: hyshu@umich.edu
---
Record 151:
Full Name: Omkar Nayak 
Email: Omkarn@umich.edu
---
Record 152:
Full Name: Winston Wu
Email: winwu@umich.edu
---
Record 153:
Full Name: Shota Gen
Email: sgen@umich.edu
---
Record 154:
Full Name: Jad Alaoui Fdili
Email: alaoui@umich.edu
---
Record 155:
Full Name: Ryan Jain
Email: ryansjain@gmail.com
---
Record 156:
Full Name: Rashne Hassan
Email: rashneh@umich.edu
---
Record 157:
Full Name: Arya Gowda
Email: arya.gowda2004@gmail.com
---
Record 158:
Full Name: Aryaman Goenka
Email: aryamang@umich.edu
---
Record 159:
Full Name: Luke Davey
Email: lukedav@umich.edu
---
Record 160:
Full Name: Ishan Sinha
Email: sishan@umich.edu
---
Record 161:
Full Name: Aarush Khanna
Email: aarushk@umich.edu
---
Record 162:
Full Name: Nithya Samba
Email: nithyasa@umich.edu
---
Record 163:
Full Name: Himanish Kolli
Email: himak@umich.edu
---
Record 164:
Full Name: Aditya Patel
Email: paaditya@umich.edu
---
Record 165:
Full Name: Dhruv Dighrasker
Email: dhruvdi@umich.edu
---
Record 166:
Full Name: Soham Salunke
Email: sohamsalunke10@gmail.com
---
Record 167:
Full Name: Sumedha Kanumuri
Email: ksumedha@umich.edu
---
Record 168:
Full Name: Dhruv Dighrasker
Email: dhruvdi@umich.edu
---
Record 169:
Full Name: Anish Chandra
Email: anishcha@umich.edu
---
Record 170:
Full Name: Pranav Goyal
Email: goyalp@umich.edu
---
Record 171:
Full Name: Sanika Kothari
Email: sanikako@umich.edu
---
Record 172:
Full Name: Amara Ojukwu-Santini
Email: graceoj@umich.edu
---
Record 173:
Full Name: Stephanie Chen
Email: sarchive@umich.edu
---
Record 174:
Full Name: Daria (Dasha) Skalitzky
Email: dskalit@umich.edu
---
Record 175:
Full Name: Joshua Xie
Email: joshxie@umich.edu
---
Record 176:
Full Name: Miles
Email: mileslow@umich.edu
---
Record 177:
Full Name: Akshat Rana
Email: akrana@umich.edu
---
Record 178:
Full Name: Joshua Bodapati
Email: jobodap@umich.edu
---
Record 179:
Full Name: Andrew Kang
Email: andrkang@umich.edu
---
Record 180:
Full Name: Aditi Locula
Email: alocula@umich.edu
---
Record 181:
Full Name: Jason Arendt
Email: jparendt@umich.edu
---
Record 182:
Full Name: Vasu Banga
Email: vbanga@umich.edu
---
Record 183:
Full Name: Justin Joseph
Email: jbjustin@umich.edu
---
Record 184:
Full Name: Arnav Kadam
Email: arnavdk@umich.edu
---
Record 185:
Full Name: Biplav Kharel
Email: khbiplav@umich.edu
---
Record 186:
Full Name: Anuhea Tao
Email: anuhea@umich.edu
---
Record 187:
Full Name: Anant Garg
Email: anantgar@umich.edu
---
Record 188:
Full Name: Josh Weingarden
Email: joshwe@umich.edu
---
Record 189:
Full Name: Jaslin Garcia-Morales
Email: garciamj@umich.edu
---
Record 190:
Full Name: Aditya Ashok
Email: ashoka@umich.edu
---
Record 191:
Full Name: Divya Ponda
Email: divponda@umich.edu
---
Record 192:
Full Name: Tiffany Cheng
Email: tacheng@umich.edu
---
Record 193:
Full Name: Sana Aliminati
Email: salimina@umich.edu
---
Record 194:
Full Name: Anwesha Pathak
Email: anweshap@umich.edu
---
Record 195:
Full Name: Nishant Agarwal
Email: nishanta@umich.edu
---
